 
****************************************
Report : qor
Design : module_M
Date   : Wed Nov 14 09:27:22 2018
****************************************


  Timing Path Group 'IN2REG'
  -----------------------------------
  Levels of Logic:              17.00
  Critical Path Length:          0.33
  Critical Path Slack:          -0.13
  Critical Path Clk Period:      1.04
  Total Negative Slack:        -30.42
  No. of Violating Paths:      411.00
  Worst Hold Violation:          0.00
  Total Hold Violation:          0.00
  No. of Hold Violations:        0.00
  -----------------------------------

  Timing Path Group 'REG2OUT'
  -----------------------------------
  Levels of Logic:               8.00
  Critical Path Length:          0.25
  Critical Path Slack:           0.00
  Critical Path Clk Period:      1.04
  Total Negative Slack:          0.00
  No. of Violating Paths:        0.00
  Worst Hold Violation:          0.00
  Total Hold Violation:          0.00
  No. of Hold Violations:        0.00
  -----------------------------------

  Timing Path Group 'clk_ncg'
  -----------------------------------
  Levels of Logic:              60.00
  Critical Path Length:          1.08
  Critical Path Slack:          -0.25
  Critical Path Clk Period:      1.04
  Total Negative Slack:       -232.94
  No. of Violating Paths:     6192.00
  Worst Hold Violation:         -0.27
  Total Hold Violation:      -5287.88
  No. of Hold Violations:    63227.00
  -----------------------------------

  Timing Path Group 'meh_clk_ncg'
  -----------------------------------
  Levels of Logic:              35.00
  Critical Path Length:          1.03
  Critical Path Slack:           0.00
  Critical Path Clk Period:      1.25
  Total Negative Slack:          0.00
  No. of Violating Paths:        0.00
  Worst Hold Violation:         -0.27
  Total Hold Violation:     -17529.30
  No. of Hold Violations:   297768.00
  -----------------------------------

  Timing Path Group 'o_da0_rx_clk'
  -----------------------------------
  Levels of Logic:               7.00
  Critical Path Length:          0.85
  Critical Path Slack:           0.44
  Critical Path Clk Period:      1.50
  Total Negative Slack:          0.00
  No. of Violating Paths:        0.00
  Worst Hold Violation:         -0.17
  Total Hold Violation:        -64.57
  No. of Hold Violations:     1010.00
  -----------------------------------

  Timing Path Group 'o_da0_tx_clk'
  -----------------------------------
  Levels of Logic:               8.00
  Critical Path Length:          1.02
  Critical Path Slack:           0.28
  Critical Path Clk Period:      1.50
  Total Negative Slack:          0.00
  No. of Violating Paths:        0.00
  Worst Hold Violation:         -0.14
  Total Hold Violation:        -88.95
  No. of Hold Violations:     1368.00
  -----------------------------------

  Timing Path Group 'o_da1_rx_clk'
  -----------------------------------
  Levels of Logic:               7.00
  Critical Path Length:          0.85
  Critical Path Slack:           0.44
  Critical Path Clk Period:      1.50
  Total Negative Slack:          0.00
  No. of Violating Paths:        0.00
  Worst Hold Violation:         -0.17
  Total Hold Violation:        -31.34
  No. of Hold Violations:      505.00
  -----------------------------------

  Timing Path Group 'o_da1_tx_clk'
  -----------------------------------
  Levels of Logic:              11.00
  Critical Path Length:          0.97
  Critical Path Slack:           0.31
  Critical Path Clk Period:      1.50
  Total Negative Slack:          0.00
  No. of Violating Paths:        0.00
  Worst Hold Violation:         -0.14
  Total Hold Violation:        -43.54
  No. of Hold Violations:      684.00
  -----------------------------------

  Timing Path Group 'o_da2_rx_clk'
  -----------------------------------
  Levels of Logic:               7.00
  Critical Path Length:          0.85
  Critical Path Slack:           0.44
  Critical Path Clk Period:      1.50
  Total Negative Slack:          0.00
  No. of Violating Paths:        0.00
  Worst Hold Violation:         -0.17
  Total Hold Violation:        -64.57
  No. of Hold Violations:     1010.00
  -----------------------------------

  Timing Path Group 'o_da2_tx_clk'
  -----------------------------------
  Levels of Logic:               7.00
  Critical Path Length:          1.28
  Critical Path Slack:           0.01
  Critical Path Clk Period:      1.50
  Total Negative Slack:          0.00
  No. of Violating Paths:        0.00
  Worst Hold Violation:         -0.14
  Total Hold Violation:        -88.94
  No. of Hold Violations:     1368.00
  -----------------------------------

  Timing Path Group 'o_da3_rx_clk'
  -----------------------------------
  Levels of Logic:               7.00
  Critical Path Length:          0.85
  Critical Path Slack:           0.44
  Critical Path Clk Period:      1.50
  Total Negative Slack:          0.00
  No. of Violating Paths:        0.00
  Worst Hold Violation:         -0.17
  Total Hold Violation:        -31.34
  No. of Hold Violations:      505.00
  -----------------------------------

  Timing Path Group 'o_da3_tx_clk'
  -----------------------------------
  Levels of Logic:               7.00
  Critical Path Length:          1.28
  Critical Path Slack:           0.01
  Critical Path Clk Period:      1.50
  Total Negative Slack:          0.00
  No. of Violating Paths:        0.00
  Worst Hold Violation:         -0.14
  Total Hold Violation:        -43.54
  No. of Hold Violations:      684.00
  -----------------------------------

  Timing Path Group 'o_da4_rx_clk'
  -----------------------------------
  Levels of Logic:               5.00
  Critical Path Length:          0.88
  Critical Path Slack:           0.42
  Critical Path Clk Period:      1.50
  Total Negative Slack:          0.00
  No. of Violating Paths:        0.00
  Worst Hold Violation:         -0.17
  Total Hold Violation:        -64.02
  No. of Hold Violations:     1010.00
  -----------------------------------

  Timing Path Group 'o_da4_tx_clk'
  -----------------------------------
  Levels of Logic:              12.00
  Critical Path Length:          1.07
  Critical Path Slack:           0.21
  Critical Path Clk Period:      1.50
  Total Negative Slack:          0.00
  No. of Violating Paths:        0.00
  Worst Hold Violation:         -0.14
  Total Hold Violation:        -88.63
  No. of Hold Violations:     1399.00
  -----------------------------------

  Timing Path Group 'o_da5_rx_clk'
  -----------------------------------
  Levels of Logic:               7.00
  Critical Path Length:          0.81
  Critical Path Slack:           0.48
  Critical Path Clk Period:      1.50
  Total Negative Slack:          0.00
  No. of Violating Paths:        0.00
  Worst Hold Violation:         -0.17
  Total Hold Violation:        -31.06
  No. of Hold Violations:      505.00
  -----------------------------------

  Timing Path Group 'o_da5_tx_clk'
  -----------------------------------
  Levels of Logic:              12.00
  Critical Path Length:          1.07
  Critical Path Slack:           0.21
  Critical Path Clk Period:      1.50
  Total Negative Slack:          0.00
  No. of Violating Paths:        0.00
  Worst Hold Violation:         -0.14
  Total Hold Violation:        -43.39
  No. of Hold Violations:      700.00
  -----------------------------------

  Timing Path Group 'o_da6_rx_clk'
  -----------------------------------
  Levels of Logic:               7.00
  Critical Path Length:          0.82
  Critical Path Slack:           0.48
  Critical Path Clk Period:      1.50
  Total Negative Slack:          0.00
  No. of Violating Paths:        0.00
  Worst Hold Violation:         -0.17
  Total Hold Violation:        -64.01
  No. of Hold Violations:     1010.00
  -----------------------------------

  Timing Path Group 'o_da6_tx_clk'
  -----------------------------------
  Levels of Logic:              12.00
  Critical Path Length:          1.07
  Critical Path Slack:           0.21
  Critical Path Clk Period:      1.50
  Total Negative Slack:          0.00
  No. of Violating Paths:        0.00
  Worst Hold Violation:         -0.14
  Total Hold Violation:        -88.64
  No. of Hold Violations:     1399.00
  -----------------------------------

  Timing Path Group 'o_da7_rx_clk'
  -----------------------------------
  Levels of Logic:               7.00
  Critical Path Length:          0.82
  Critical Path Slack:           0.48
  Critical Path Clk Period:      1.50
  Total Negative Slack:          0.00
  No. of Violating Paths:        0.00
  Worst Hold Violation:         -0.17
  Total Hold Violation:        -31.06
  No. of Hold Violations:      505.00
  -----------------------------------

  Timing Path Group 'o_da7_tx_clk'
  -----------------------------------
  Levels of Logic:              12.00
  Critical Path Length:          1.07
  Critical Path Slack:           0.21
  Critical Path Clk Period:      1.50
  Total Negative Slack:          0.00
  No. of Violating Paths:        0.00
  Worst Hold Violation:         -0.14
  Total Hold Violation:        -43.33
  No. of Hold Violations:      700.00
  -----------------------------------


  Cell Count
  -----------------------------------
  Hierarchical Cell Count:          0
  Hierarchical Port Count:          0
  Leaf Cell Count:            1704212
  Buf/Inv Cell Count:          185651
  Buf Cell Count:                6484
  Inv Cell Count:              179167
  CT Buf/Inv Cell Count:            0
  Combinational Cell Count:   1295952
  Sequential Cell Count:       396756
  Macro Count:                  11504
  -----------------------------------


  Area
  -----------------------------------
  Combinational Area:   411741.386992
  Noncombinational Area:
                        633191.039711
  Buf/Inv Area:          29833.713880
  Total Buffer Area:          1525.70
  Total Inverter Area:       28308.01
  Macro/Black Box Area:
                       1796356.945583
  Net Area:                  0.000000
  -----------------------------------
  Cell Area:           2841289.372287
  Design Area:         2841289.372287


  Design Rules
  -----------------------------------
  Total Number of Nets:       1734616
  Nets With Violations:            10
  Max Trans Violations:             0
  Max Cap Violations:               0
  Max Fanout Violations:           10
  -----------------------------------



  Compile CPU Statistics
  -----------------------------------------
  Resource Sharing:                 1293.34
  Logic Optimization:               3670.83
  Mapping Optimization:            17604.95
  -----------------------------------------
  Overall Compile Time:            45808.30
  Overall Compile Wall Clock Time: 26055.32

  --------------------------------------------------------------------

  Design  WNS: 0.25  TNS: 232.99  Number of Violating Paths: 6194


  Design (Hold)  WNS: 0.27  TNS: 23437.49  Number of Violating Paths: 370729

  --------------------------------------------------------------------


1
